WARNING: Could not load optional Python module: python/3.11.6
Continuing without explicit python module; conda env Python will be used.
Many modules are hidden in this stack. Use "module --show_hidden spider SOFTWARE" if you are not able to find the required software
DPO environment loaded for user: gguidarini
DPO output dir: /cluster/scratch/gguidarini/outputs
DPO best-model export dir: /cluster/home/gguidarini/dpo_best_models
DPO last-model export dir: /cluster/home/gguidarini/dpo_last_models
W&B dir: /cluster/scratch/gguidarini/wandb
Running on host: eu-g6-012
/cluster/project/infk/krause/gguidarini/miniconda3/envs/flu/bin/python
Sun Apr  5 21:53:06 2026       
+-----------------------------------------------------------------------------------------+
| NVIDIA-SMI 580.126.20             Driver Version: 580.126.20     CUDA Version: 13.0     |
+-----------------------------------------+------------------------+----------------------+
| GPU  Name                 Persistence-M | Bus-Id          Disp.A | Volatile Uncorr. ECC |
| Fan  Temp   Perf          Pwr:Usage/Cap |           Memory-Usage | GPU-Util  Compute M. |
|                                         |                        |               MIG M. |
|=========================================+========================+======================|
|   0  NVIDIA GeForce RTX 4090        On  |   00000000:41:00.0 Off |                  Off |
| 30%   35C    P8             15W /  450W |       1MiB /  24564MiB |      0%      Default |
|                                         |                        |                  N/A |
+-----------------------------------------+------------------------+----------------------+

+-----------------------------------------------------------------------------------------+
| Processes:                                                                              |
|  GPU   GI   CI              PID   Type   Process name                        GPU Memory |
|        ID   ID                                                               Usage      |
|=========================================================================================|
|  No running processes found                                                             |
+-----------------------------------------------------------------------------------------+
2026-04-05 21:53:13,999 | INFO | Starting DPO training run
2026-04-05 21:53:14,003 | INFO | Saved resolved config to /cluster/scratch/gguidarini/outputs/2026-04-05/21-53-13/resolved_config.yaml
wandb: [wandb.login()] Loaded credentials for https://api.wandb.ai from /cluster/home/gguidarini/.netrc.
wandb: Currently logged in as: gguidarini (gguidarini-eth-zurich) to https://api.wandb.ai. Use `wandb login --relogin` to force relogin
wandb: setting up run 9ns9aapm
wandb: Tracking run with wandb version 0.25.1
wandb: Run data is saved locally in /cluster/scratch/gguidarini/outputs/2026-04-05/21-53-13/wandb/run-20260405_215316-9ns9aapm
wandb: Run `wandb offline` to turn off syncing.
wandb: Syncing run hirogen-tanagra-6
wandb: ⭐️ View project at https://wandb.ai/gguidarini-eth-zurich/flu
wandb: 🚀 View run at https://wandb.ai/gguidarini-eth-zurich/flu/runs/9ns9aapm
2026-04-05 21:53:19,978 | INFO | Pair stats | n=26470 | margin mean=13.9388 median=14.7827 min=5.0013 max=20.8004
2026-04-05 21:53:19,986 | INFO | Pairs per view: mut2:13568, mut1:12902
2026-04-05 21:53:19,991 | INFO | Top margin examples:
2026-04-05 21:53:19,991 | INFO |   view=mut2 cluster=270 margin=20.8004 chosen=HMSMQQVPSAGWERADLVGSAFDV rejected=HMSMLQVVSAGWERADLVGSAFDV
2026-04-05 21:53:19,992 | INFO |   view=mut2 cluster=278 margin=20.5274 chosen=HMSMQQVPSAGWERADLVLDAFDV rejected=HMSMFQVVSAGWERADLVLDAFDV
2026-04-05 21:53:19,992 | INFO |   view=mut2 cluster=347 margin=20.4841 chosen=HMSMQQVVGAGWLRADLVGDAFDV rejected=HMSMQQVVSWGWLRADLVGDAFDV
2026-04-05 21:53:19,992 | INFO |   view=mut2 cluster=353 margin=20.0159 chosen=HMSMQQVSSAGWSRADLVGDAFDV rejected=HMSMQQVVSAGGSRADLVGDAFDV
2026-04-05 21:53:19,992 | INFO |   view=mut1 cluster=343 margin=19.8923 chosen=HMSMQQVVSAGWSRADLAGDAFDV rejected=HMSMQQVVSAGWSRADLVGWAFDV
2026-04-05 21:53:19,993 | INFO | Bottom margin examples:
2026-04-05 21:53:19,993 | INFO |   view=mut1 cluster=106 margin=5.0013 chosen=HMSMQQVVGAGWERADLVGDAFTV rejected=HMSMQQVVGAGWERADCVGDAFDV
2026-04-05 21:53:19,994 | INFO |   view=mut1 cluster=91 margin=5.0035 chosen=HMSMQQVISVGWERADLVGDAFDV rejected=HMSMQQVISAGWERADLDGDAFDV
2026-04-05 21:53:19,994 | INFO |   view=mut2 cluster=95 margin=5.0086 chosen=HMSMQMVVEAGWERADLVGDAFDV rejected=HMSMQVVVEAGWERADLVGDAFDV
2026-04-05 21:53:19,994 | INFO |   view=mut1 cluster=90 margin=5.0092 chosen=HMSMQQVHSAGWERADLVGDAFDT rejected=HMSMQQVHSAGWERADLVRDAFDV
2026-04-05 21:53:19,994 | INFO |   view=mut2 cluster=88 margin=5.0143 chosen=HGSMQQVQSAGWERADLVGDAFDV rejected=HMSMQQCQSAGWERADLVGDAFDV
2026-04-05 21:53:19,997 | INFO | Split sizes | train=21176 val=2647 test=2647
2026-04-05 21:56:53,060 | INFO | step=20 train_loss=0.690912
2026-04-05 22:00:21,084 | INFO | step=40 train_loss=0.688633
2026-04-05 22:03:49,187 | INFO | step=60 train_loss=0.686373
2026-04-05 22:07:17,239 | INFO | step=80 train_loss=0.685206
2026-04-05 22:11:59,849 | INFO | Epoch 1 | lr=1.000e-05 | train_loss=0.688482 | val_loss=0.683953 | val_acc=0.7439 | val_margin=0.0187 | val_kl=0.9184 | train_batches=83 | val_batches=11
2026-04-05 22:12:00,068 | INFO | Exported best checkpoint to /cluster/home/gguidarini/dpo_best_models/best.pt
2026-04-05 22:12:00,197 | INFO | Exported last checkpoint to /cluster/home/gguidarini/dpo_last_models/last.pt
2026-04-05 22:15:27,773 | INFO | step=20 train_loss=0.681098
2026-04-05 22:18:55,933 | INFO | step=40 train_loss=0.679071
[2026-04-05T22:19:17.954+02:00] error: *** JOB 62496487 ON eu-g6-012 CANCELLED AT 2026-04-05T22:19:17 DUE to SIGNAL Terminated ***
