WARNING: Could not load optional Python module: python/3.11.6
Continuing without explicit python module; conda env Python will be used.
Many modules are hidden in this stack. Use "module --show_hidden spider SOFTWARE" if you are not able to find the required software
DPO environment loaded for user: gguidarini
SCRATCH_DIR: /cluster/scratch/gguidarini/protein-design
TRAIN_DIR: /cluster/scratch/gguidarini/protein-design/train
PROJECT_DIR: /cluster/project/infk/krause/gguidarini/protein-design
DPO output dir: /cluster/scratch/gguidarini/protein-design/train
W&B dir: /cluster/scratch/gguidarini/protein-design/wandb
PYTORCH_CUDA_ALLOC_CONF: expandable_segments:True
DPO_USE_UV: 1
Running on host: eu-g6-011
/cluster/project/infk/krause/gguidarini/miniconda3/envs/flu/bin/python
Sun Apr 19 12:02:04 2026       
+-----------------------------------------------------------------------------------------+
| NVIDIA-SMI 580.126.20             Driver Version: 580.126.20     CUDA Version: 13.0     |
+-----------------------------------------+------------------------+----------------------+
| GPU  Name                 Persistence-M | Bus-Id          Disp.A | Volatile Uncorr. ECC |
| Fan  Temp   Perf          Pwr:Usage/Cap |           Memory-Usage | GPU-Util  Compute M. |
|                                         |                        |               MIG M. |
|=========================================+========================+======================|
|   0  NVIDIA GeForce RTX 4090        On  |   00000000:81:00.0 Off |                  Off |
| 31%   37C    P8             19W /  450W |       1MiB /  24564MiB |      0%      Default |
|                                         |                        |                  N/A |
+-----------------------------------------+------------------------+----------------------+

+-----------------------------------------------------------------------------------------+
| Processes:                                                                              |
|  GPU   GI   CI              PID   Type   Process name                        GPU Memory |
|        ID   ID                                                               Usage      |
|=========================================================================================|
|  No running processes found                                                             |
+-----------------------------------------------------------------------------------------+
   Building flu-dpo @ file:///cluster/home/gguidarini/protein-design
Downloading scipy (35.9MiB)
      Built flu-dpo @ file:///cluster/home/gguidarini/protein-design
 Downloaded scipy
Uninstalled 1 package in 7ms
Installed 2 packages in 755ms
2026-04-19 12:02:22,184 | INFO | Starting DPO training run
2026-04-19 12:02:22,185 | INFO | Full run name: esm2-35M__delta_based__weighted_dpo__loss-1__ep-15__bs-32__lr-1e-05__beta-0.04_20260419_120222
2026-04-19 12:02:22,185 | INFO | Run directory: /cluster/scratch/gguidarini/protein-design/train/esm2-35M__delta_based__weighted_dpo__loss-1__ep-15__bs-32__lr-1e-05__beta-0.04_20260419_120222
2026-04-19 12:02:22,185 | INFO | Archive directory: /cluster/project/infk/krause/gguidarini/protein-design/checkpoints/esm2-35M__delta_based__weighted_dpo__loss-1__ep-15__bs-32__lr-1e-05__beta-0.04_20260419_120222
2026-04-19 12:02:22,199 | INFO | Saved resolved config to /cluster/scratch/gguidarini/protein-design/train/esm2-35M__delta_based__weighted_dpo__loss-1__ep-15__bs-32__lr-1e-05__beta-0.04_20260419_120222/resolved_config.yaml
2026-04-19 12:02:22,199 | INFO | Saved run config to /cluster/scratch/gguidarini/protein-design/train/esm2-35M__delta_based__weighted_dpo__loss-1__ep-15__bs-32__lr-1e-05__beta-0.04_20260419_120222/config.yaml
2026-04-19 12:02:23,528 | INFO | W&B run name: esm2-35M__delta_based__weighted_dpo__loss-1__ep-15__bs-32__lr-1e-05__beta-0.04_20260419_120222
wandb: [wandb.login()] Loaded credentials for https://api.wandb.ai from /cluster/home/gguidarini/.netrc.
wandb: Currently logged in as: gguidarini (gguidarini-eth-zurich) to https://api.wandb.ai. Use `wandb login --relogin` to force relogin
wandb: setting up run dt2mo2dn
wandb: Tracking run with wandb version 0.26.0
wandb: Run data is saved locally in /cluster/scratch/gguidarini/protein-design/train/esm2-35M__delta_based__weighted_dpo__loss-1__ep-15__bs-32__lr-1e-05__beta-0.04_20260419_120222/wandb/run-20260419_120223-dt2mo2dn
wandb: Run `wandb offline` to turn off syncing.
wandb: Syncing run esm2-35M__delta_based__weighted_dpo__loss-1__ep-15__bs-32__lr-1e-05__beta-0.04_20260419_120222
wandb: ⭐️ View project at https://wandb.ai/gguidarini-eth-zurich/dpo
wandb: 🚀 View run at https://wandb.ai/gguidarini-eth-zurich/dpo/runs/dt2mo2dn
Error executing job with overrides: []
Traceback (most recent call last):
  File "/cluster/home/gguidarini/protein-design/src/train_dpo.py", line 819, in main
    train_df, val_df, test_df = _build_split_pair_dataframes(cfg)
  File "/cluster/home/gguidarini/protein-design/src/train_dpo.py", line 140, in _build_split_pair_dataframes
    return build_split_pair_dataframes_from_raw(
  File "/cluster/home/gguidarini/protein-design/src/dataset.py", line 749, in build_split_pair_dataframes_from_raw
    base_df = load_distance2_dataframe(
  File "/cluster/home/gguidarini/protein-design/src/dataset.py", line 109, in load_distance2_dataframe
    paths = _ensure_processed_data(
  File "/cluster/home/gguidarini/protein-design/src/dataset.py", line 94, in _ensure_processed_data
    return build_processed_views(
  File "/cluster/home/gguidarini/protein-design/scripts/data_processing.py", line 444, in build_processed_views
    raw_mtime = raw_csv_path.stat().st_mtime
  File "/usr/lib/python3.10/pathlib.py", line 1097, in stat
    return self._accessor.stat(self, follow_symlinks=follow_symlinks)
FileNotFoundError: [Errno 2] No such file or directory: '/cluster/home/gguidarini/protein-design/data/raw/ED2_M22_binding_enrichment.csv'

Set the environment variable HYDRA_FULL_ERROR=1 for a complete stack trace.
[1;34mwandb[0m: 
[1;34mwandb[0m: 🚀 View run [33mesm2-35M__delta_based__weighted_dpo__loss-1__ep-15__bs-32__lr-1e-05__beta-0.04_20260419_120222[0m at: [34mhttps://wandb.ai/gguidarini-eth-zurich/dpo/runs/dt2mo2dn[0m
[1;34mwandb[0m: Find logs at: [1;35m../../../scratch/gguidarini/protein-design/train/esm2-35M__delta_based__weighted_dpo__loss-1__ep-15__bs-32__lr-1e-05__beta-0.04_20260419_120222/wandb/run-20260419_120223-dt2mo2dn/logs[0m
